$ tsup
[34mCLI[39m Building entry: src/Button.tsx, src/card.tsx, src/index.tsx
[34mCLI[39m Using tsconfig: tsconfig.json
[34mCLI[39m tsup v7.2.0
[34mCLI[39m Using tsup config: C:\Users\Gormery\Desktop\stuff-thst-cant-run-on-a-drive\valiantlynx-turborepo\packages\react-ui\tsup.config.ts
[34mCLI[39m Target: es6
[34mCLI[39m Cleaning output folder
[34mESM[39m Build start
[34mCJS[39m Build start
[34mDTS[39m Build start

[1m[33mwarn[39m[22m - No utility classes were detected in your source files. If this is unexpected, double-check the `content` option in your Tailwind CSS configuration.
[1m[33mwarn[39m[22m - https://tailwindcss.com/docs/content-configuration
[32mESM[39m [1mdist\index.css          [22m[32m26.33 KB[39m
[32mESM[39m [1mdist\Button.mjs         [22m[32m83.00 B[39m
[32mESM[39m [1mdist\card.mjs           [22m[32m81.00 B[39m
[32mESM[39m [1mdist\index.mjs          [22m[32m133.00 B[39m
[32mESM[39m [1mdist\chunk-QX6YXCBO.mjs [22m[32m214.00 B[39m
[32mESM[39m [1mdist\chunk-YK3RHHFJ.mjs [22m[32m628.00 B[39m
[32mESM[39m [1mdist\chunk-MFXFT5EY.mjs [22m[32m730.00 B[39m
[32mESM[39m ⚡️ Build success in 2139ms
[32mCJS[39m [1mdist\chunk-63436TTA.js [22m[32m653.00 B[39m
[32mCJS[39m [1mdist\Button.js         [22m[32m220.00 B[39m
[32mCJS[39m [1mdist\chunk-23MBLPCR.js [22m[32m785.00 B[39m
[32mCJS[39m [1mdist\index.css         [22m[32m26.33 KB[39m
[32mCJS[39m [1mdist\card.js           [22m[32m218.00 B[39m
[32mCJS[39m [1mdist\index.js          [22m[32m388.00 B[39m
[32mCJS[39m [1mdist\chunk-4XEGWU4F.js [22m[32m296.00 B[39m
[32mCJS[39m ⚡️ Build success in 2155ms
[32mDTS[39m ⚡️ Build success in 3999ms
[32mDTS[39m [1mdist\index.d.mts  [22m[32m118.00 B[39m
[32mDTS[39m [1mdist\Button.d.mts [22m[32m301.00 B[39m
[32mDTS[39m [1mdist\card.d.mts   [22m[32m188.00 B[39m
[32mDTS[39m [1mdist\index.d.ts   [22m[32m116.00 B[39m
[32mDTS[39m [1mdist\Button.d.ts  [22m[32m301.00 B[39m
[32mDTS[39m [1mdist\card.d.ts    [22m[32m188.00 B[39m
